<?xml version="1.0" encoding="UTF-8"?>
<!-- Generated by org.testng.reporters.JUnitReportReporter -->
<testsuite hostname="Is-MacBook-Pro" name="S_01_seleniumMethods.TestNG_AlertHandling1" tests="2" failures="0" timestamp="26 Jun 2020 07:05:23 GMT" time="17.003" errors="0">
  <testcase name="handleAlert" time="8.854" classname="S_01_seleniumMethods.TestNG_AlertHandling1"/>
  <testcase name="getTitle" time="8.149" classname="S_01_seleniumMethods.TestNG_AlertHandling1"/>
</testsuite> <!-- S_01_seleniumMethods.TestNG_AlertHandling1 -->
