<?xml version="1.0" encoding="UTF-8"?>
<!-- Generated by org.testng.reporters.JUnitReportReporter -->
<testsuite hostname="Is-MacBook-Pro" name="S_01_seleniumMethods.TestNG_SumOfValue" tests="3" failures="0" timestamp="26 Jun 2020 16:30:05 GMT" time="11.741" errors="0">
  <testcase name="getTitle" time="3.093" classname="S_01_seleniumMethods.TestNG_SumOfValue"/>
  <testcase name="validInputs" time="5.033" classname="S_01_seleniumMethods.TestNG_SumOfValue"/>
  <testcase name="invalidInput" time="3.615" classname="S_01_seleniumMethods.TestNG_SumOfValue"/>
</testsuite> <!-- S_01_seleniumMethods.TestNG_SumOfValue -->
