<?xml version="1.0" encoding="UTF-8"?>
<!-- Generated by org.testng.reporters.JUnitReportReporter -->
<testsuite hostname="Is-MacBook-Pro" name="S_01_seleniumMethods.testNG_Verify_GetName" tests="2" failures="0" timestamp="26 Jun 2020 16:16:26 GMT" time="6.720" errors="0">
  <testcase name="getTitle" time="3.468" classname="S_01_seleniumMethods.testNG_Verify_GetName"/>
  <testcase name="getText" time="3.252" classname="S_01_seleniumMethods.testNG_Verify_GetName"/>
</testsuite> <!-- S_01_seleniumMethods.testNG_Verify_GetName -->
