<?xml version="1.0" encoding="UTF-8"?>
<!-- Generated by org.testng.reporters.JUnitReportReporter -->
<testsuite hostname="Is-MacBook-Pro" name="S_01_seleniumMethods.testNG_Assignment_6" tests="2" failures="0" timestamp="26 Jun 2020 16:59:12 GMT" time="6.322" errors="0">
  <testcase name="invalidPassword" time="3.162" classname="S_01_seleniumMethods.testNG_Assignment_6"/>
  <testcase name="verifyURL" time="3.160" classname="S_01_seleniumMethods.testNG_Assignment_6"/>
</testsuite> <!-- S_01_seleniumMethods.testNG_Assignment_6 -->
