<?xml version="1.0" encoding="UTF-8"?>
<!-- Generated by org.testng.reporters.JUnitReportReporter -->
<testsuite hostname="Is-MacBook-Pro" name="S_01_seleniumMethods.TestNG_NecessaryInfo" tests="3" failures="0" timestamp="26 Jun 2020 07:48:25 GMT" time="14.853" errors="0">
  <testcase name="invalidMailAddress" time="6.170" classname="S_01_seleniumMethods.TestNG_NecessaryInfo"/>
  <testcase name="invalidPhoneNumber" time="5.524" classname="S_01_seleniumMethods.TestNG_NecessaryInfo"/>
  <testcase name="getTitle" time="3.159" classname="S_01_seleniumMethods.TestNG_NecessaryInfo"/>
</testsuite> <!-- S_01_seleniumMethods.TestNG_NecessaryInfo -->
