<?xml version="1.0" encoding="UTF-8"?>
<!-- Generated by org.testng.reporters.JUnitReportReporter -->
<testsuite hostname="Is-MacBook-Pro" name="SeleniumMethods.Sel_50_TestNG_2" tests="1" failures="0" timestamp="3 Jul 2020 01:47:02 GMT" time="8.027" errors="0">
  <testcase name="InvalidCredentialsException" time="8.027" classname="SeleniumMethods.Sel_50_TestNG_2"/>
</testsuite> <!-- SeleniumMethods.Sel_50_TestNG_2 -->
