<?xml version="1.0" encoding="UTF-8"?>
<!-- Generated by org.testng.reporters.JUnitReportReporter -->
<testsuite hostname="Is-MacBook-Pro" name="S_01_seleniumMethods.testNG_5" tests="2" failures="0" timestamp="26 Jun 2020 17:20:55 GMT" time="7.259" errors="0">
  <testcase name="getTitle" time="3.550" classname="S_01_seleniumMethods.testNG_5"/>
  <testcase name="getText" time="3.709" classname="S_01_seleniumMethods.testNG_5"/>
</testsuite> <!-- S_01_seleniumMethods.testNG_5 -->
