<?xml version="1.0" encoding="UTF-8"?>
<!-- Generated by org.testng.reporters.JUnitReportReporter -->
<testsuite hostname="Is-MacBook-Pro" name="S_01_seleniumMethods.testNG_2" tests="2" failures="0" timestamp="26 Jun 2020 17:16:24 GMT" time="8.194" errors="0">
  <testcase name="invalidPassword" time="5.082" classname="S_01_seleniumMethods.testNG_2"/>
  <testcase name="verifyURL" time="3.112" classname="S_01_seleniumMethods.testNG_2"/>
</testsuite> <!-- S_01_seleniumMethods.testNG_2 -->
