<?xml version="1.0" encoding="UTF-8"?>
<!-- Generated by org.testng.reporters.JUnitReportReporter -->
<testsuite hostname="Is-MacBook-Pro" name="S_01_seleniumMethods.TestNG_1" tests="2" failures="0" timestamp="26 Jun 2020 17:01:37 GMT" time="17.334" errors="0">
  <testcase name="handleAlert" time="8.892" classname="S_01_seleniumMethods.TestNG_1"/>
  <testcase name="getTitle" time="8.442" classname="S_01_seleniumMethods.TestNG_1"/>
</testsuite> <!-- S_01_seleniumMethods.TestNG_1 -->
